{"uid":"3366b92eb561df5b","name":"loginTest","fullName":"sauceTest.LoginPageTest.loginTest","historyId":"e741fba30ea0d7f25802e589736e5397","time":{"start":1718149332302,"stop":1718149332304,"duration":2},"status":"broken","statusMessage":"java.lang.ArrayIndexOutOfBoundsException: Index 2 out of bounds for length 2","statusTrace":"java.lang.RuntimeException: java.lang.ArrayIndexOutOfBoundsException: Index 2 out of bounds for length 2\r\n\tat org.testng.internal.invokers.MethodInvocationHelper.invokeMethodNoCheckedException(MethodInvocationHelper.java:58)\r\n\tat org.testng.internal.invokers.MethodInvocationHelper.invokeDataProvider(MethodInvocationHelper.java:159)\r\n\tat org.testng.internal.Parameters.handleParameters(Parameters.java:809)\r\n\tat org.testng.internal.Parameters.handleParameters(Parameters.java:734)\r\n\tat org.testng.internal.invokers.ParameterHandler.handleParameters(ParameterHandler.java:72)\r\n\tat org.testng.internal.invokers.ParameterHandler.createParameters(ParameterHandler.java:51)\r\n\tat org.testng.internal.invokers.TestInvoker$MethodInvocationAgent.invoke(TestInvoker.java:946)\r\n\tat org.testng.internal.invokers.TestInvoker.invokeTestMethods(TestInvoker.java:203)\r\n\tat org.testng.internal.invokers.TestMethodWorker.invokeTestMethods(TestMethodWorker.java:154)\r\n\tat org.testng.internal.invokers.TestMethodWorker.run(TestMethodWorker.java:134)\r\n\tat java.base/java.util.ArrayList.forEach(ArrayList.java:1511)\r\n\tat org.testng.TestRunner.privateRun(TestRunner.java:739)\r\n\tat org.testng.TestRunner.run(TestRunner.java:614)\r\n\tat org.testng.SuiteRunner.runTest(SuiteRunner.java:421)\r\n\tat org.testng.SuiteRunner.runSequentially(SuiteRunner.java:413)\r\n\tat org.testng.SuiteRunner.privateRun(SuiteRunner.java:373)\r\n\tat org.testng.SuiteRunner.run(SuiteRunner.java:312)\r\n\tat org.testng.SuiteRunnerWorker.runSuite(SuiteRunnerWorker.java:52)\r\n\tat org.testng.SuiteRunnerWorker.run(SuiteRunnerWorker.java:95)\r\n\tat org.testng.TestNG.runSuitesSequentially(TestNG.java:1274)\r\n\tat org.testng.TestNG.runSuitesLocally(TestNG.java:1208)\r\n\tat org.testng.TestNG.runSuites(TestNG.java:1112)\r\n\tat org.testng.TestNG.run(TestNG.java:1079)\r\n\tat org.apache.maven.surefire.testng.TestNGExecutor.run(TestNGExecutor.java:308)\r\n\tat org.apache.maven.surefire.testng.TestNGXmlTestSuite.execute(TestNGXmlTestSuite.java:71)\r\n\tat org.apache.maven.surefire.testng.TestNGProvider.invoke(TestNGProvider.java:113)\r\n\tat org.apache.maven.surefire.booter.ForkedBooter.runSuitesInProcess(ForkedBooter.java:385)\r\n\tat org.apache.maven.surefire.booter.ForkedBooter.execute(ForkedBooter.java:162)\r\n\tat org.apache.maven.surefire.booter.ForkedBooter.run(ForkedBooter.java:507)\r\n\tat org.apache.maven.surefire.booter.ForkedBooter.main(ForkedBooter.java:495)\r\nCaused by: java.lang.ArrayIndexOutOfBoundsException: Index 2 out of bounds for length 2\r\n\tat utils.CSVUtils.transformCSVData(CSVUtils.java:29)\r\n\tat sauceTest.LoginPageTest.getLoginData(LoginPageTest.java:20)\r\n\tat java.base/jdk.internal.reflect.NativeMethodAccessorImpl.invoke0(Native Method)\r\n\tat java.base/jdk.internal.reflect.NativeMethodAccessorImpl.invoke(NativeMethodAccessorImpl.java:77)\r\n\tat java.base/jdk.internal.reflect.DelegatingMethodAccessorImpl.invoke(DelegatingMethodAccessorImpl.java:43)\r\n\tat java.base/java.lang.reflect.Method.invoke(Method.java:568)\r\n\tat org.testng.internal.invokers.MethodInvocationHelper.invokeMethod(MethodInvocationHelper.java:141)\r\n\tat org.testng.internal.invokers.MethodInvocationHelper.invokeMethod(MethodInvocationHelper.java:86)\r\n\tat org.testng.internal.invokers.MethodInvocationHelper.invokeMethodNoCheckedException(MethodInvocationHelper.java:54)\r\n\t... 29 more\r\n","flaky":false,"newFailed":false,"newBroken":false,"newPassed":false,"retriesCount":10,"retriesStatusChange":true,"beforeStages":[{"name":"setUp","time":{"start":1718149329295,"stop":1718149332232,"duration":2937},"description":"","status":"passed","steps":[],"attachments":[],"parameters":[],"hasContent":false,"stepsCount":0,"shouldDisplayMessage":false,"attachmentsCount":0}],"afterStages":[{"name":"tearDown","time":{"start":1718149332395,"stop":1718149332584,"duration":189},"description":"","status":"passed","steps":[],"attachments":[],"parameters":[],"hasContent":false,"stepsCount":0,"shouldDisplayMessage":false,"attachmentsCount":0}],"labels":[{"name":"package","value":"sauceTest.LoginPageTest"},{"name":"testClass","value":"sauceTest.LoginPageTest"},{"name":"testMethod","value":"loginTest"},{"name":"parentSuite","value":"Suite"},{"name":"suite","value":"Test"},{"name":"subSuite","value":"sauceTest.LoginPageTest"},{"name":"host","value":"salimsouidi"},{"name":"thread","value":"22384@salimsouidi.main(1)"},{"name":"framework","value":"testng"},{"name":"language","value":"java"},{"name":"resultFormat","value":"allure2"}],"parameters":[],"links":[],"hidden":false,"retry":false,"extra":{"severity":"normal","retries":[{"uid":"e201ac342cba7f75","status":"passed","time":{"start":1718116873709,"stop":1718116874004,"duration":295}},{"uid":"d793c47e5c899e96","status":"passed","time":{"start":1718116714953,"stop":1718116715286,"duration":333}},{"uid":"dd7817f85f7a3e80","status":"passed","time":{"start":1717973426295,"stop":1717973426666,"duration":371}},{"uid":"34c484b7e8700dd2","status":"passed","time":{"start":1717895598793,"stop":1717895600381,"duration":1588}},{"uid":"5a4f962a82a458f1","status":"skipped","statusDetails":"Could not start a new session. Response code 500. Message: session not created: This version of ChromeDriver only supports Chrome version 114\nCurrent browser version is 125.0.6422.142 with binary path C:\\Program Files\\Google\\Chrome\\Application\\chrome.exe \nHost info: host: 'SALIMSOUIDI', ip: '192.168.56.1'\nBuild info: version: '4.21.0', revision: '79ed462ef4'\nSystem info: os.name: 'Windows 11', os.arch: 'amd64', os.version: '10.0', java.version: '17.0.7'\nDriver info: org.openqa.selenium.chrome.ChromeDriver\nCommand: [null, newSession {capabilities=[Capabilities {browserName: chrome, goog:chromeOptions: {args: [], binary: C:\\Program Files\\Google\\Chr..., extensions: []}}]}]","time":{"start":1717895509745,"stop":1717895509750,"duration":5}},{"uid":"fe4856c547e3ff41","status":"passed","time":{"start":1717894850147,"stop":1717894851940,"duration":1793}},{"uid":"46d6b332b8829771","status":"passed","time":{"start":1717894659530,"stop":1717894660284,"duration":754}},{"uid":"349cfc2ef35e3958","status":"broken","statusDetails":"Expected condition failed: waiting for url to contain \"/inventorys.html\". Current url: \"https://www.saucedemo.com/inventory.html\" (tried for 10 second(s) with 500 milliseconds interval)\nBuild info: version: '4.21.0', revision: '79ed462ef4'\nSystem info: os.name: 'Windows 11', os.arch: 'amd64', os.version: '10.0', java.version: '17.0.7'\nDriver info: org.openqa.selenium.chrome.ChromeDriver\nCapabilities {acceptInsecureCerts: false, browserName: chrome, browserVersion: 125.0.6422.142, chrome: {chromedriverVersion: 125.0.6422.141 (4b1e8393712..., userDataDir: C:\\Users\\TOPINF~1\\AppData\\L...}, fedcm:accounts: true, goog:chromeOptions: {debuggerAddress: localhost:62488}, networkConnectionEnabled: false, pageLoadStrategy: normal, platformName: windows, proxy: Proxy(), se:cdp: ws://localhost:62488/devtoo..., se:cdpVersion: 125.0.6422.142, setWindowRect: true, strictFileInteractability: false, timeouts: {implicit: 0, pageLoad: 300000, script: 30000}, unhandledPromptBehavior: dismiss and notify, webauthn:extension:credBlob: true, webauthn:extension:largeBlob: true, webauthn:extension:minPinLength: true, webauthn:extension:prf: true, webauthn:virtualAuthenticators: true}\nSession ID: a9bcd8fb3280ab7f5cb4da94fdd032c9","time":{"start":1717894531802,"stop":1717894542863,"duration":11061}},{"uid":"7b9dda35533e7ccd","status":"passed","time":{"start":1717894473945,"stop":1717894475377,"duration":1432}},{"uid":"ffea1d30e8bd010","status":"passed","time":{"start":1717894437460,"stop":1717894438184,"duration":724}}],"categories":[{"name":"Test defects","matchedStatuses":[],"flaky":false}],"history":{"statistic":{"failed":0,"broken":2,"skipped":1,"passed":3,"unknown":0,"total":6},"items":[{"uid":"c20bfe90a34a8492","reportUrl":"http://localhost:8080/job/New%20Item%20Demo/2/allure/#testresult/c20bfe90a34a8492","status":"broken","statusDetails":"java.lang.ArrayIndexOutOfBoundsException: Index 2 out of bounds for length 2","time":{"start":1718149332302,"stop":1718149332304,"duration":2}},{"uid":"1dbf0b9ed1cd8531","reportUrl":"http://localhost:8080/job/demoSauce/4/allure/#testresult/1dbf0b9ed1cd8531","status":"passed","time":{"start":1718116714953,"stop":1718116715286,"duration":333}},{"uid":"d3d80df4c0f4d091","reportUrl":"http://localhost:8080/job/demoSauce/3/allure/#testresult/d3d80df4c0f4d091","status":"passed","time":{"start":1717973426295,"stop":1717973426666,"duration":371}},{"uid":"fdc3a47e85b1b134","reportUrl":"http://localhost:8080/job/demoSauce/2/allure/#testresult/fdc3a47e85b1b134","status":"passed","time":{"start":1717895598793,"stop":1717895600381,"duration":1588}},{"uid":"de573bfb98692cf1","reportUrl":"http://localhost:8080/job/demoSauce/1/allure/#testresult/de573bfb98692cf1","status":"skipped","statusDetails":"Could not start a new session. Response code 500. Message: session not created: This version of ChromeDriver only supports Chrome version 114\nCurrent browser version is 125.0.6422.142 with binary path C:\\Program Files\\Google\\Chrome\\Application\\chrome.exe \nHost info: host: 'SALIMSOUIDI', ip: '192.168.56.1'\nBuild info: version: '4.21.0', revision: '79ed462ef4'\nSystem info: os.name: 'Windows 11', os.arch: 'amd64', os.version: '10.0', java.version: '17.0.7'\nDriver info: org.openqa.selenium.chrome.ChromeDriver\nCommand: [null, newSession {capabilities=[Capabilities {browserName: chrome, goog:chromeOptions: {args: [], binary: C:\\Program Files\\Google\\Chr..., extensions: []}}]}]","time":{"start":1717895509745,"stop":1717895509750,"duration":5}}]},"tags":[]},"source":"3366b92eb561df5b.json","parameterValues":[]}